This is pdfTeX, Version 3.141592653-2.6-1.40.22 (MiKTeX 21.2) (preloaded format=pdflatex 2021.4.21)  24 MAY 2021 16:27
entering extended mode
**"c:/Users/kinkt/OneDrive/VisualCodeProjects/Uni/Year 2/Sem 2/GAPT/DataProcessor/TeX Report/Documentation.tex"
(c:/Users/kinkt/OneDrive/VisualCodeProjects/Uni/Year 2/Sem 2/GAPT/DataProcessor/TeX Report/Documentation.tex
LaTeX2e <2020-10-01> patch level 4
L3 programming layer <2021-02-18> xparse <2020-03-03> (c:/Users\kinkt\OneDrive\VisualCodeProjects\Uni\Year 2\Sem 2\GAPT\DataProcessor\TeX Report\IEEEtran.cls
Document Class: IEEEtran 2015/08/26 V1.8b by Michael Shell
-- See the "IEEEtran_HOWTO" manual for usage information.
-- http://www.michaelshell.org/tex/ieeetran/
\@IEEEtrantmpdimenA=\dimen138
\@IEEEtrantmpdimenB=\dimen139
\@IEEEtrantmpdimenC=\dimen140
\@IEEEtrantmpcountA=\count179
\@IEEEtrantmpcountB=\count180
\@IEEEtrantmpcountC=\count181
\@IEEEtrantmptoksA=\toks15
LaTeX Font Info:    Trying to load font information for OT1+ptm on input line 503.
(C:\Users\kinkt\AppData\Local\Programs\MiKTeX\tex/latex/psnfss\ot1ptm.fd
File: ot1ptm.fd 2001/06/04 font definitions for OT1/ptm.
)
-- Using 8.5in x 11in (letter) paper.
-- Using PDF output.
\@IEEEnormalsizeunitybaselineskip=\dimen141
-- This is a 10 point document.
\CLASSINFOnormalsizebaselineskip=\dimen142
\CLASSINFOnormalsizeunitybaselineskip=\dimen143
\IEEEnormaljot=\dimen144
LaTeX Font Info:    Font shape `OT1/ptm/bx/n' in size <5> not available
(Font)              Font shape `OT1/ptm/b/n' tried instead on input line 1090.
LaTeX Font Info:    Font shape `OT1/ptm/bx/it' in size <5> not available
(Font)              Font shape `OT1/ptm/b/it' tried instead on input line 1090.
LaTeX Font Info:    Font shape `OT1/ptm/bx/n' in size <7> not available
(Font)              Font shape `OT1/ptm/b/n' tried instead on input line 1090.
LaTeX Font Info:    Font shape `OT1/ptm/bx/it' in size <7> not available
(Font)              Font shape `OT1/ptm/b/it' tried instead on input line 1090.
LaTeX Font Info:    Font shape `OT1/ptm/bx/n' in size <8> not available
(Font)              Font shape `OT1/ptm/b/n' tried instead on input line 1090.
LaTeX Font Info:    Font shape `OT1/ptm/bx/it' in size <8> not available
(Font)              Font shape `OT1/ptm/b/it' tried instead on input line 1090.
LaTeX Font Info:    Font shape `OT1/ptm/bx/n' in size <9> not available
(Font)              Font shape `OT1/ptm/b/n' tried instead on input line 1090.
LaTeX Font Info:    Font shape `OT1/ptm/bx/it' in size <9> not available
(Font)              Font shape `OT1/ptm/b/it' tried instead on input line 1090.
LaTeX Font Info:    Font shape `OT1/ptm/bx/n' in size <10> not available
(Font)              Font shape `OT1/ptm/b/n' tried instead on input line 1090.
LaTeX Font Info:    Font shape `OT1/ptm/bx/it' in size <10> not available
(Font)              Font shape `OT1/ptm/b/it' tried instead on input line 1090.
LaTeX Font Info:    Font shape `OT1/ptm/bx/n' in size <11> not available
(Font)              Font shape `OT1/ptm/b/n' tried instead on input line 1090.
LaTeX Font Info:    Font shape `OT1/ptm/bx/it' in size <11> not available
(Font)              Font shape `OT1/ptm/b/it' tried instead on input line 1090.
LaTeX Font Info:    Font shape `OT1/ptm/bx/n' in size <12> not available
(Font)              Font shape `OT1/ptm/b/n' tried instead on input line 1090.
LaTeX Font Info:    Font shape `OT1/ptm/bx/it' in size <12> not available
(Font)              Font shape `OT1/ptm/b/it' tried instead on input line 1090.
LaTeX Font Info:    Font shape `OT1/ptm/bx/n' in size <17> not available
(Font)              Font shape `OT1/ptm/b/n' tried instead on input line 1090.
LaTeX Font Info:    Font shape `OT1/ptm/bx/it' in size <17> not available
(Font)              Font shape `OT1/ptm/b/it' tried instead on input line 1090.
LaTeX Font Info:    Font shape `OT1/ptm/bx/n' in size <20> not available
(Font)              Font shape `OT1/ptm/b/n' tried instead on input line 1090.
LaTeX Font Info:    Font shape `OT1/ptm/bx/it' in size <20> not available
(Font)              Font shape `OT1/ptm/b/it' tried instead on input line 1090.
LaTeX Font Info:    Font shape `OT1/ptm/bx/n' in size <24> not available
(Font)              Font shape `OT1/ptm/b/n' tried instead on input line 1090.
LaTeX Font Info:    Font shape `OT1/ptm/bx/it' in size <24> not available
(Font)              Font shape `OT1/ptm/b/it' tried instead on input line 1090.
\IEEEquantizedlength=\dimen145
\IEEEquantizedlengthdiff=\dimen146
\IEEEquantizedtextheightdiff=\dimen147
\IEEEilabelindentA=\dimen148
\IEEEilabelindentB=\dimen149
\IEEEilabelindent=\dimen150
\IEEEelabelindent=\dimen151
\IEEEdlabelindent=\dimen152
\IEEElabelindent=\dimen153
\IEEEiednormlabelsep=\dimen154
\IEEEiedmathlabelsep=\dimen155
\IEEEiedtopsep=\skip47
\c@section=\count182
\c@subsection=\count183
\c@subsubsection=\count184
\c@paragraph=\count185
\c@IEEEsubequation=\count186
\abovecaptionskip=\skip48
\belowcaptionskip=\skip49
\c@figure=\count187
\c@table=\count188
\@IEEEeqnnumcols=\count189
\@IEEEeqncolcnt=\count190
\@IEEEsubeqnnumrollback=\count191
\@IEEEquantizeheightA=\dimen156
\@IEEEquantizeheightB=\dimen157
\@IEEEquantizeheightC=\dimen158
\@IEEEquantizeprevdepth=\dimen159
\@IEEEquantizemultiple=\count192
\@IEEEquantizeboxA=\box47
\@IEEEtmpitemindent=\dimen160
\IEEEPARstartletwidth=\dimen161
\c@IEEEbiography=\count193
\@IEEEtranrubishbin=\box48
) (C:\Users\kinkt\AppData\Local\Programs\MiKTeX\tex/latex/cite\cite.sty
LaTeX Info: Redefining \cite on input line 302.
LaTeX Info: Redefining \nocite on input line 332.
Package: cite 2015/02/27  v 5.5
) (C:\Users\kinkt\AppData\Local\Programs\MiKTeX\tex/latex/float\float.sty
Package: float 2001/11/08 v1.3d Float enhancements (AL)
\c@float@type=\count194
\float@exts=\toks16
\float@box=\box49
\@float@everytoks=\toks17
\@floatcapt=\box50
) (C:\Users\kinkt\AppData\Local\Programs\MiKTeX\tex/latex/hyperref\hyperref.sty
Package: hyperref 2021-02-10 v7.00j Hypertext links for LaTeX
 (C:\Users\kinkt\AppData\Local\Programs\MiKTeX\tex/generic/ltxcmds\ltxcmds.sty
Package: ltxcmds 2020-05-10 v1.25 LaTeX kernel commands for general use (HO)
) (C:\Users\kinkt\AppData\Local\Programs\MiKTeX\tex/generic/iftex\iftex.sty
Package: iftex 2020/03/06 v1.0d TeX engine tests
) (C:\Users\kinkt\AppData\Local\Programs\MiKTeX\tex/generic/pdftexcmds\pdftexcmds.sty
Package: pdftexcmds 2020-06-27 v0.33 Utility functions of pdfTeX for LuaTeX (HO)
 (C:\Users\kinkt\AppData\Local\Programs\MiKTeX\tex/generic/infwarerr\infwarerr.sty
Package: infwarerr 2019/12/03 v1.5 Providing info/warning/error messages (HO)
)
Package pdftexcmds Info: \pdf@primitive is available.
Package pdftexcmds Info: \pdf@ifprimitive is available.
Package pdftexcmds Info: \pdfdraftmode found.
) (C:\Users\kinkt\AppData\Local\Programs\MiKTeX\tex/latex/graphics\keyval.sty
Package: keyval 2014/10/28 v1.15 key=value parser (DPC)
\KV@toks@=\toks18
) (C:\Users\kinkt\AppData\Local\Programs\MiKTeX\tex/generic/kvsetkeys\kvsetkeys.sty
Package: kvsetkeys 2019/12/15 v1.18 Key value parser (HO)
) (C:\Users\kinkt\AppData\Local\Programs\MiKTeX\tex/generic/kvdefinekeys\kvdefinekeys.sty
Package: kvdefinekeys 2019-12-19 v1.6 Define keys (HO)
) (C:\Users\kinkt\AppData\Local\Programs\MiKTeX\tex/generic/pdfescape\pdfescape.sty
Package: pdfescape 2019/12/09 v1.15 Implements pdfTeX's escape features (HO)
) (C:\Users\kinkt\AppData\Local\Programs\MiKTeX\tex/latex/hycolor\hycolor.sty
Package: hycolor 2020-01-27 v1.10 Color options for hyperref/bookmark (HO)
) (C:\Users\kinkt\AppData\Local\Programs\MiKTeX\tex/latex/letltxmacro\letltxmacro.sty
Package: letltxmacro 2019/12/03 v1.6 Let assignment for LaTeX macros (HO)
) (C:\Users\kinkt\AppData\Local\Programs\MiKTeX\tex/latex/auxhook\auxhook.sty
Package: auxhook 2019-12-17 v1.6 Hooks for auxiliary files (HO)
) (C:\Users\kinkt\AppData\Local\Programs\MiKTeX\tex/latex/kvoptions\kvoptions.sty
Package: kvoptions 2020-10-07 v3.14 Key value format for package options (HO)
)
\@linkdim=\dimen162
\Hy@linkcounter=\count195
\Hy@pagecounter=\count196
 (C:\Users\kinkt\AppData\Local\Programs\MiKTeX\tex/latex/hyperref\pd1enc.def
File: pd1enc.def 2021-02-10 v7.00j Hyperref: PDFDocEncoding definition (HO)
Now handling font encoding PD1 ...
... no UTF-8 mapping file for font encoding PD1
) (C:\Users\kinkt\AppData\Local\Programs\MiKTeX\tex/latex/hyperref\hyperref-langpatches.def
File: hyperref-langpatches.def 2021-02-10 v7.00j Hyperref: patches for babel languages
) (C:\Users\kinkt\AppData\Local\Programs\MiKTeX\tex/generic/intcalc\intcalc.sty
Package: intcalc 2019/12/15 v1.3 Expandable calculations with integers (HO)
) (C:\Users\kinkt\AppData\Local\Programs\MiKTeX\tex/generic/etexcmds\etexcmds.sty
Package: etexcmds 2019/12/15 v1.7 Avoid name clashes with e-TeX commands (HO)
)
\Hy@SavedSpaceFactor=\count197
 (C:\Users\kinkt\AppData\Local\Programs\MiKTeX\tex/latex/hyperref\puenc.def
File: puenc.def 2021-02-10 v7.00j Hyperref: PDF Unicode definition (HO)
Now handling font encoding PU ...
... no UTF-8 mapping file for font encoding PU
)
Package hyperref Info: Hyper figures OFF on input line 4192.
Package hyperref Info: Link nesting OFF on input line 4197.
Package hyperref Info: Hyper index ON on input line 4200.
Package hyperref Info: Plain pages OFF on input line 4207.
Package hyperref Info: Backreferencing OFF on input line 4212.
Package hyperref Info: Implicit mode ON; LaTeX internals redefined.
Package hyperref Info: Bookmarks ON on input line 4445.
\c@Hy@tempcnt=\count198
 (C:\Users\kinkt\AppData\Local\Programs\MiKTeX\tex/latex/url\url.sty
\Urlmuskip=\muskip16
Package: url 2013/09/16  ver 3.4  Verb mode for urls, etc.
)
LaTeX Info: Redefining \url on input line 4804.
\XeTeXLinkMargin=\dimen163
 (C:\Users\kinkt\AppData\Local\Programs\MiKTeX\tex/generic/bitset\bitset.sty
Package: bitset 2019/12/09 v1.3 Handle bit-vector datatype (HO)
 (C:\Users\kinkt\AppData\Local\Programs\MiKTeX\tex/generic/bigintcalc\bigintcalc.sty
Package: bigintcalc 2019/12/15 v1.5 Expandable calculations on big integers (HO)
))
\Fld@menulength=\count199
\Field@Width=\dimen164
\Fld@charsize=\dimen165
Package hyperref Info: Hyper figures OFF on input line 6075.
Package hyperref Info: Link nesting OFF on input line 6080.
Package hyperref Info: Hyper index ON on input line 6083.
Package hyperref Info: backreferencing OFF on input line 6090.
Package hyperref Info: Link coloring OFF on input line 6095.
Package hyperref Info: Link coloring with OCG OFF on input line 6100.
Package hyperref Info: PDF/A mode OFF on input line 6105.
LaTeX Info: Redefining \ref on input line 6145.
LaTeX Info: Redefining \pageref on input line 6149.
 (C:\Users\kinkt\AppData\Local\Programs\MiKTeX\tex/latex/base\atbegshi-ltx.sty
Package: atbegshi-ltx 2020/08/17 v1.0a Emulation of the original atbegshi package
with kernel methods
)
\Hy@abspage=\count266
\c@Item=\count267
\c@Hfootnote=\count268
)
Package hyperref Info: Driver (autodetected): hpdftex.
 (C:\Users\kinkt\AppData\Local\Programs\MiKTeX\tex/latex/hyperref\hpdftex.def
File: hpdftex.def 2021-02-10 v7.00j Hyperref driver for pdfTeX
 (C:\Users\kinkt\AppData\Local\Programs\MiKTeX\tex/latex/base\atveryend-ltx.sty
Package: atveryend-ltx 2020/08/19 v1.0a Emulation of the original atvery package
with kernel methods
)
\Fld@listcount=\count269
\c@bookmark@seq@number=\count270
 (C:\Users\kinkt\AppData\Local\Programs\MiKTeX\tex/latex/rerunfilecheck\rerunfilecheck.sty
Package: rerunfilecheck 2019/12/05 v1.9 Rerun checks for auxiliary files (HO)
 (C:\Users\kinkt\AppData\Local\Programs\MiKTeX\tex/generic/uniquecounter\uniquecounter.sty
Package: uniquecounter 2019/12/15 v1.4 Provide unlimited unique counter (HO)
)
Package uniquecounter Info: New unique counter `rerunfilecheck' on input line 286.
)
\Hy@SectionHShift=\skip50
) (C:\Users\kinkt\AppData\Local\Programs\MiKTeX\tex/latex/graphics\graphicx.sty
Package: graphicx 2020/09/09 v1.2b Enhanced LaTeX Graphics (DPC,SPQR)
 (C:\Users\kinkt\AppData\Local\Programs\MiKTeX\tex/latex/graphics\graphics.sty
Package: graphics 2020/08/30 v1.4c Standard LaTeX Graphics (DPC,SPQR)
 (C:\Users\kinkt\AppData\Local\Programs\MiKTeX\tex/latex/graphics\trig.sty
Package: trig 2016/01/03 v1.10 sin cos tan (DPC)
) (C:\Users\kinkt\AppData\Local\Programs\MiKTeX\tex/latex/graphics-cfg\graphics.cfg
File: graphics.cfg 2016/06/04 v1.11 sample graphics configuration
)
Package graphics Info: Driver file: pdftex.def on input line 105.
 (C:\Users\kinkt\AppData\Local\Programs\MiKTeX\tex/latex/graphics-def\pdftex.def
File: pdftex.def 2020/10/05 v1.2a Graphics/color driver for pdftex
))
\Gin@req@height=\dimen166
\Gin@req@width=\dimen167
) (C:\Users\kinkt\AppData\Local\Programs\MiKTeX\tex/latex/setspace\setspace.sty
Package: setspace 2011/12/19 v6.7a set line spacing
) (C:\Users\kinkt\AppData\Local\Programs\MiKTeX\tex/latex/amsmath\amsmath.sty
Package: amsmath 2020/09/23 v2.17i AMS math features
\@mathmargin=\skip51

For additional information on amsmath, use the `?' option.
(C:\Users\kinkt\AppData\Local\Programs\MiKTeX\tex/latex/amsmath\amstext.sty
Package: amstext 2000/06/29 v2.01 AMS text
 (C:\Users\kinkt\AppData\Local\Programs\MiKTeX\tex/latex/amsmath\amsgen.sty
File: amsgen.sty 1999/11/30 v2.0 generic functions
\@emptytoks=\toks19
\ex@=\dimen168
)) (C:\Users\kinkt\AppData\Local\Programs\MiKTeX\tex/latex/amsmath\amsbsy.sty
Package: amsbsy 1999/11/29 v1.2d Bold Symbols
\pmbraise@=\dimen169
) (C:\Users\kinkt\AppData\Local\Programs\MiKTeX\tex/latex/amsmath\amsopn.sty
Package: amsopn 2016/03/08 v2.02 operator names
)
\inf@bad=\count271
LaTeX Info: Redefining \frac on input line 234.
\uproot@=\count272
\leftroot@=\count273
LaTeX Info: Redefining \overline on input line 399.
\classnum@=\count274
\DOTSCASE@=\count275
LaTeX Info: Redefining \ldots on input line 496.
LaTeX Info: Redefining \dots on input line 499.
LaTeX Info: Redefining \cdots on input line 620.
\Mathstrutbox@=\box51
\strutbox@=\box52
\big@size=\dimen170
LaTeX Font Info:    Redeclaring font encoding OML on input line 743.
LaTeX Font Info:    Redeclaring font encoding OMS on input line 744.
\macc@depth=\count276
\c@MaxMatrixCols=\count277
\dotsspace@=\muskip17
\c@parentequation=\count278
\dspbrk@lvl=\count279
\tag@help=\toks20
\row@=\count280
\column@=\count281
\maxfields@=\count282
\andhelp@=\toks21
\eqnshift@=\dimen171
\alignsep@=\dimen172
\tagshift@=\dimen173
\tagwidth@=\dimen174
\totwidth@=\dimen175
\lineht@=\dimen176
\@envbody=\toks22
\multlinegap=\skip52
\multlinetaggap=\skip53
\mathdisplay@stack=\toks23
LaTeX Info: Redefining \[ on input line 2923.
LaTeX Info: Redefining \] on input line 2924.
) (C:\Users\kinkt\AppData\Local\Programs\MiKTeX\tex/latex/caption\caption.sty
Package: caption 2020/10/26 v3.5g Customizing captions (AR)
 (C:\Users\kinkt\AppData\Local\Programs\MiKTeX\tex/latex/caption\caption3.sty
Package: caption3 2020/10/21 v2.2e caption3 kernel (AR)
\captionmargin=\dimen177
\captionmargin@=\dimen178
\captionwidth=\dimen179
\caption@tempdima=\dimen180
\caption@indent=\dimen181
\caption@parindent=\dimen182
\caption@hangindent=\dimen183
Package caption Info: Unknown document class (or package),
(caption)             standard defaults will be used.
Package caption Info: \@makecaption = \long macro:#1#2->\ifx \@captype \@IEEEtablestring \footnotesize \bgroup \par \centering \@IEEEtabletopskipstrut {\normalfont \footnotesize #1}\\{\normalfont \footnotesize \scshape #2}\par \addvspace {0.5\baselineskip }\egroup \@IEEEtablecaptionsepspace \else \@IEEEfigurecaptionsepspace \setbox \@tempboxa \hbox {\normalfont \footnotesize {#1.}\nobreakspace \nobreakspace #2}\ifdim \wd \@tempboxa >\hsize \setbox \@tempboxa \hbox {\normalfont \footnotesize {#1.}\nobreakspace \nobreakspace }\parbox [t]{\hsize }{\normalfont \footnotesize \noindent \unhbox \@tempboxa #2}\else \ifCLASSOPTIONconference \hbox to\hsize {\normalfont \footnotesize \hfil \box \@tempboxa \hfil }\else \hbox to\hsize {\normalfont \footnotesize \box \@tempboxa \hfil }\fi \fi \fi  on input line 1139.
)

Package caption Warning: Unknown document class (or package),
(caption)                standard defaults will be used.
See the caption package documentation for explanation.

\c@caption@flags=\count283
\c@continuedfloat=\count284
Package caption Info: float package is loaded.
Package caption Info: hyperref package is loaded.
) (C:\Users\kinkt\AppData\Local\Programs\MiKTeX\tex/latex/algorithm2e\algorithm2e.sty
Package: algorithm2e 2017/07/18 v5.2 algorithms environments
\c@AlgoLine=\count285
 (C:\Users\kinkt\AppData\Local\Programs\MiKTeX\tex/latex/base\ifthen.sty
Package: ifthen 2014/09/29 v1.1c Standard LaTeX ifthen package (DPC)
)
\algocf@hangindent=\skip54
 (C:\Users\kinkt\AppData\Local\Programs\MiKTeX\tex/latex/ifoddpage\ifoddpage.sty
Package: ifoddpage 2016/04/23 v1.1 Conditionals for odd/even page detection
\c@checkoddpage=\count286
) (C:\Users\kinkt\AppData\Local\Programs\MiKTeX\tex/latex/latex-tools\xspace.sty
Package: xspace 2014/10/28 v1.13 Space after command names (DPC,MH)
) (C:\Users\kinkt\AppData\Local\Programs\MiKTeX\tex/latex/relsize\relsize.sty
Package: relsize 2013/03/29 ver 4.1
)
\skiptotal=\skip55
\skiplinenumber=\skip56
\skiprule=\skip57
\skiphlne=\skip58
\skiptext=\skip59
\skiplength=\skip60
\algomargin=\skip61
\skipalgocfslide=\skip62
\algowidth=\dimen184
\inoutsize=\dimen185
\inoutindent=\dimen186
\interspacetitleruled=\dimen187
\interspacealgoruled=\dimen188
\interspacetitleboxruled=\dimen189
\algocf@ruledwidth=\skip63
\algocf@inoutbox=\box53
\algocf@inputbox=\box54
\AlCapSkip=\skip64
\AlCapHSkip=\skip65
\algoskipindent=\skip66
\algocf@nlbox=\box55
\algocf@hangingbox=\box56
\algocf@untilbox=\box57
\algocf@skipuntil=\skip67
\algocf@capbox=\box58
\algocf@lcaptionbox=\skip68
\algoheightruledefault=\skip69
\algoheightrule=\skip70
\algotitleheightruledefault=\skip71
\algotitleheightrule=\skip72
\c@algocfline=\count287
\c@algocfproc=\count288
\c@algocf=\count289
\algocf@algoframe=\box59
\algocf@algobox=\box60
) (C:\Users\kinkt\AppData\Local\Programs\MiKTeX\tex/latex/l3backend\l3backend-pdftex.def
File: l3backend-pdftex.def 2021-02-18 L3 backend support: PDF output (pdfTeX)
\l__color_backend_stack_int=\count290
\l__pdf_internal_box=\box61
) (c:/Users\kinkt\OneDrive\VisualCodeProjects\Uni\Year 2\Sem 2\GAPT\DataProcessor\TeX Report\Documentation.aux)
\openout1 = `Documentation.aux'.

LaTeX Font Info:    Checking defaults for OML/cmm/m/it on input line 15.
LaTeX Font Info:    ... okay on input line 15.
LaTeX Font Info:    Checking defaults for OMS/cmsy/m/n on input line 15.
LaTeX Font Info:    ... okay on input line 15.
LaTeX Font Info:    Checking defaults for OT1/cmr/m/n on input line 15.
LaTeX Font Info:    ... okay on input line 15.
LaTeX Font Info:    Checking defaults for T1/cmr/m/n on input line 15.
LaTeX Font Info:    ... okay on input line 15.
LaTeX Font Info:    Checking defaults for TS1/cmr/m/n on input line 15.
LaTeX Font Info:    ... okay on input line 15.
LaTeX Font Info:    Checking defaults for OMX/cmex/m/n on input line 15.
LaTeX Font Info:    ... okay on input line 15.
LaTeX Font Info:    Checking defaults for U/cmr/m/n on input line 15.
LaTeX Font Info:    ... okay on input line 15.
LaTeX Font Info:    Checking defaults for PD1/pdf/m/n on input line 15.
LaTeX Font Info:    ... okay on input line 15.
LaTeX Font Info:    Checking defaults for PU/pdf/m/n on input line 15.
LaTeX Font Info:    ... okay on input line 15.

-- Lines per column: 49 (approximate, difference = 9.11719pt).
Package hyperref Info: Link coloring OFF on input line 15.
(C:\Users\kinkt\AppData\Local\Programs\MiKTeX\tex/latex/hyperref\nameref.sty
Package: nameref 2021-04-02 v2.47 Cross-referencing by name of section
 (C:\Users\kinkt\AppData\Local\Programs\MiKTeX\tex/latex/refcount\refcount.sty
Package: refcount 2019/12/15 v3.6 Data extraction from label references (HO)
) (C:\Users\kinkt\AppData\Local\Programs\MiKTeX\tex/generic/gettitlestring\gettitlestring.sty
Package: gettitlestring 2019/12/15 v1.6 Cleanup title references (HO)
)
\c@section@level=\count291
)
LaTeX Info: Redefining \ref on input line 15.
LaTeX Info: Redefining \pageref on input line 15.
LaTeX Info: Redefining \nameref on input line 15.
\@outlinefile=\write3
\openout3 = `Documentation.out'.

 (C:\Users\kinkt\AppData\Local\Programs\MiKTeX\tex/context/base/mkii\supp-pdf.mkii
[Loading MPS to PDF converter (version 2006.09.02).]
\scratchcounter=\count292
\scratchdimen=\dimen190
\scratchbox=\box62
\nofMPsegments=\count293
\nofMParguments=\count294
\everyMPshowfont=\toks24
\MPscratchCnt=\count295
\MPscratchDim=\dimen191
\MPnumerator=\count296
\makeMPintoPDFobject=\count297
\everyMPtoPDFconversion=\toks25
) (C:\Users\kinkt\AppData\Local\Programs\MiKTeX\tex/latex/epstopdf-pkg\epstopdf-base.sty
Package: epstopdf-base 2020-01-24 v2.11 Base part for package epstopdf
Package epstopdf-base Info: Redefining graphics rule for `.eps' on input line 485.
)
Package caption Info: Begin \AtBeginDocument code.
Package caption Info: End \AtBeginDocument code.
LaTeX Font Info:    Calculating math sizes for size <11> on input line 25.
 (c:/Users\kinkt\OneDrive\VisualCodeProjects\Uni\Year 2\Sem 2\GAPT\DataProcessor\TeX Report\sections/Introduction.tex) (c:/Users\kinkt\OneDrive\VisualCodeProjects\Uni\Year 2\Sem 2\GAPT\DataProcessor\TeX Report\sections/Aims.tex

LaTeX Warning: Citation `Anguita2013' on page 1 undefined on input line 2.

) (c:/Users\kinkt\OneDrive\VisualCodeProjects\Uni\Year 2\Sem 2\GAPT\DataProcessor\TeX Report\sections/Background.tex

LaTeX Warning: Citation `Boser1992' on page 1 undefined on input line 30.

[1{C:/Users/kinkt/AppData/Local/MiKTeX/pdftex/config/pdftex.map}


]) (c:/Users\kinkt\OneDrive\VisualCodeProjects\Uni\Year 2\Sem 2\GAPT\DataProcessor\TeX Report\sections/LiteratureReview.tex

LaTeX Warning: Citation `Anguita2012' on page 2 undefined on input line 1.


LaTeX Warning: Citation `Demrozi2020' on page 2 undefined on input line 3.

) (c:/Users\kinkt\OneDrive\VisualCodeProjects\Uni\Year 2\Sem 2\GAPT\DataProcessor\TeX Report\sections/Design and Methodology.tex
<./figures//ethan_data_dist_pie.png, id=21, 433.62pt x 289.08pt>
File: ./figures//ethan_data_dist_pie.png Graphic file (type png)
<use ./figures//ethan_data_dist_pie.png>
Package pdftex.def Info: ./figures//ethan_data_dist_pie.png  used on input line 8.
(pdftex.def)             Requested size: 185.76031pt x 123.8388pt.


LaTeX Warning: Reference `our_data_count_dist' on page 2 undefined on input line 14.

[2 <./figures//ethan_data_dist_pie.png>]
Overfull \hbox (137.0553pt too wide) in paragraph at lines 27--29
[]\OT1/ptm/m/n/10 As car-ried out int [https://www.sciencedirect.com/science/article/abs/pii/S1574119216302280]
 []


Underfull \hbox (badness 10000) in paragraph at lines 31--32

 []

<./figures//ethan_window_acc_plot.png, id=35, 376.40625pt x 256.70906pt>
File: ./figures//ethan_window_acc_plot.png Graphic file (type png)
<use ./figures//ethan_window_acc_plot.png>
Package pdftex.def Info: ./figures//ethan_window_acc_plot.png  used on input line 41.
(pdftex.def)             Requested size: 252.84283pt x 172.44463pt.

Overfull \hbox (0.84283pt too wide) in paragraph at lines 41--42
 [][] 
 []


LaTeX Warning: Reference `fig:figure_single_wind' on page 3 undefined on input line 47.


Underfull \hbox (badness 10000) in paragraph at lines 64--66

 []


Overfull \hbox (345.40556pt too wide) detected at line 66
\OML/cmm/m/it/10 https \OT1/cmr/m/n/10 : \OML/cmm/m/it/10 ==www \OMS/cmsy/m/n/10   \OML/cmm/m/it/10 proquest \OMS/cmsy/m/n/10   \OML/cmm/m/it/10 com:ejournals:um:edu:mt=docview=\OT1/cmr/m/n/10 2301775170\OML/cmm/m/it/10 =fulltextPDF=\OT1/cmr/m/n/10 431219\OML/cmm/m/it/10 E\OT1/cmr/m/n/10 14\OML/cmm/m/it/10 EB\OT1/cmr/m/n/10 34859\OML/cmm/m/it/10 PQ=\OT1/cmr/m/n/10 1?\OML/cmm/m/it/10 accountid \OT1/cmr/m/n/10 = 27934
 []


Overfull \hbox (36.09799pt too wide) in paragraph at lines 77--94
[][] 
 []

[3 <./figures//ethan_window_acc_plot.png>]

LaTeX Warning: Citation `Anguita2012' on page 4 undefined on input line 120.


Overfull \hbox (9.19026pt too wide) in paragraph at lines 126--134
 [][] 
 []


LaTeX Warning: Citation `Anguita2013' on page 4 undefined on input line 138.

<./figures//UCI_Dynamic_Training.png, id=52, 213.79875pt x 158.09062pt>
File: ./figures//UCI_Dynamic_Training.png Graphic file (type png)
<use ./figures//UCI_Dynamic_Training.png>
Package pdftex.def Info: ./figures//UCI_Dynamic_Training.png  used on input line 170.
(pdftex.def)             Requested size: 77.39685pt x 57.22858pt.
<./figures//UCI_Dynamic_Validation.png, id=53, 212.29312pt x 158.84344pt>
File: ./figures//UCI_Dynamic_Validation.png Graphic file (type png)
<use ./figures//UCI_Dynamic_Validation.png>
Package pdftex.def Info: ./figures//UCI_Dynamic_Validation.png  used on input line 171.
(pdftex.def)             Requested size: 77.39685pt x 57.9107pt.
<./figures//UCI_Dynamic_Testing.png, id=54, 217.5628pt x 162.6075pt>
File: ./figures//UCI_Dynamic_Testing.png Graphic file (type png)
<use ./figures//UCI_Dynamic_Testing.png>
Package pdftex.def Info: ./figures//UCI_Dynamic_Testing.png  used on input line 172.
(pdftex.def)             Requested size: 77.39685pt x 57.84639pt.

LaTeX Warning: `h' float specifier changed to `ht'.

<./figures//UCI_Static_Training.png, id=55, 214.55156pt x 159.59625pt>
File: ./figures//UCI_Static_Training.png Graphic file (type png)
<use ./figures//UCI_Static_Training.png>
Package pdftex.def Info: ./figures//UCI_Static_Training.png  used on input line 179.
(pdftex.def)             Requested size: 77.39685pt x 57.57149pt.
<./figures//UCI_Static_Validation.png, id=56, 222.07968pt x 156.585pt>
File: ./figures//UCI_Static_Validation.png Graphic file (type png)
<use ./figures//UCI_Static_Validation.png>
Package pdftex.def Info: ./figures//UCI_Static_Validation.png  used on input line 180.
(pdftex.def)             Requested size: 77.39685pt x 54.57141pt.
<./figures//UCI_Static_Testing.png, id=57, 216.81pt x 161.85469pt>
File: ./figures//UCI_Static_Testing.png Graphic file (type png)
<use ./figures//UCI_Static_Testing.png>
Package pdftex.def Info: ./figures//UCI_Static_Testing.png  used on input line 181.
(pdftex.def)             Requested size: 77.39685pt x 57.77863pt.

LaTeX Warning: `h' float specifier changed to `ht'.

<./figures//OD_Dynamic_Training.png, id=58, 214.55156pt x 161.85469pt>
File: ./figures//OD_Dynamic_Training.png Graphic file (type png)
<use ./figures//OD_Dynamic_Training.png>
Package pdftex.def Info: ./figures//OD_Dynamic_Training.png  used on input line 188.
(pdftex.def)             Requested size: 77.39685pt x 58.38617pt.
<./figures//OD_Dynamic_Validation.png, id=59, 205.5178pt x 159.59625pt>
File: ./figures//OD_Dynamic_Validation.png Graphic file (type png)
<use ./figures//OD_Dynamic_Validation.png>
Package pdftex.def Info: ./figures//OD_Dynamic_Validation.png  used on input line 189.
(pdftex.def)             Requested size: 77.39685pt x 60.1017pt.
<./figures//OD_Dynamic_Testing.png, id=60, 204.765pt x 162.6075pt>
File: ./figures//OD_Dynamic_Testing.png Graphic file (type png)
<use ./figures//OD_Dynamic_Testing.png>
Package pdftex.def Info: ./figures//OD_Dynamic_Testing.png  used on input line 190.
(pdftex.def)             Requested size: 77.39685pt x 61.46397pt.

LaTeX Warning: `h' float specifier changed to `ht'.

<./figures//OD_Static_Training.png, id=61, 201.00093pt x 162.6075pt>
File: ./figures//OD_Static_Training.png Graphic file (type png)
<use ./figures//OD_Static_Training.png>
Package pdftex.def Info: ./figures//OD_Static_Training.png  used on input line 197.
(pdftex.def)             Requested size: 77.39685pt x 62.61276pt.
<./figures//OD_Static_Validation.png, id=62, 201.00093pt x 161.10187pt>
File: ./figures//OD_Static_Validation.png Graphic file (type png)
<use ./figures//OD_Static_Validation.png>
Package pdftex.def Info: ./figures//OD_Static_Validation.png  used on input line 198.
(pdftex.def)             Requested size: 77.39685pt x 62.033pt.
<./figures//OD_Static_Testing.png, id=63, 204.01219pt x 158.84344pt>
File: ./figures//OD_Static_Testing.png Graphic file (type png)
<use ./figures//OD_Static_Testing.png>
Package pdftex.def Info: ./figures//OD_Static_Testing.png  used on input line 199.
(pdftex.def)             Requested size: 77.39685pt x 60.26175pt.

LaTeX Warning: `h' float specifier changed to `ht'.

[4]
<./figures//OD_Dynamic_Training_Balanced.png, id=80, 210.03468pt x 158.84344pt>
File: ./figures//OD_Dynamic_Training_Balanced.png Graphic file (type png)
<use ./figures//OD_Dynamic_Training_Balanced.png>
Package pdftex.def Info: ./figures//OD_Dynamic_Training_Balanced.png  used on input line 214.
(pdftex.def)             Requested size: 77.39685pt x 58.53362pt.


LaTeX Warning: `h' float specifier changed to `ht'.

<./figures//DCNN.png, id=81, 226.8475pt x 945.5325pt>
File: ./figures//DCNN.png Graphic file (type png)
<use ./figures//DCNN.png>
Package pdftex.def Info: ./figures//DCNN.png  used on input line 231.
(pdftex.def)             Requested size: 77.39685pt x 322.60216pt.
<./figures//ODDCNN.png, id=82, 226.8475pt x 945.5325pt>
File: ./figures//ODDCNN.png Graphic file (type png)
<use ./figures//ODDCNN.png>
Package pdftex.def Info: ./figures//ODDCNN.png  used on input line 232.
(pdftex.def)             Requested size: 77.39685pt x 322.60216pt.

LaTeX Warning: `h' float specifier changed to `ht'.

<./figures//SCNN.png, id=83, 226.8475pt x 1300.86pt>
File: ./figures//SCNN.png Graphic file (type png)
<use ./figures//SCNN.png>
Package pdftex.def Info: ./figures//SCNN.png  used on input line 239.
(pdftex.def)             Requested size: 77.39685pt x 443.83481pt.
<./figures//ODSCNN.png, id=84, 226.8475pt x 1300.86pt>
File: ./figures//ODSCNN.png Graphic file (type png)
<use ./figures//ODSCNN.png>
Package pdftex.def Info: ./figures//ODSCNN.png  used on input line 240.
(pdftex.def)             Requested size: 77.39685pt x 443.83481pt.

LaTeX Warning: `h' float specifier changed to `ht'.


LaTeX Warning: Reference `Static_Models' on page 5 undefined on input line 245.


LaTeX Warning: Reference `Dynamic_Models' on page 5 undefined on input line 245.

) (c:/Users\kinkt\OneDrive\VisualCodeProjects\Uni\Year 2\Sem 2\GAPT\DataProcessor\TeX Report\sections/Evaluation.tex
Underfull \hbox (badness 2245) in paragraph at lines 6--7
[]\OT1/ptm/b/n/10 Accuracy \OT1/ptm/m/n/10 is the ra-tio of the true la-bels $\OML/cmm/m/it/10 y$ \OT1/ptm/m/n/10 on the
 []


Underfull \hbox (badness 4084) in paragraph at lines 6--7
\OT1/ptm/m/n/10 set of pre-dicted la-bels $\OML/cmm/m/it/10 y[]$\OT1/ptm/m/n/10 , where $\OML/cmm/m/it/10 accuracy\OT1/cmr/m/n/10 (\OML/cmm/m/it/10 y; y[]\OT1/cmr/m/n/10 ) =
 []

[5 <./figures//UCI_Dynamic_Training.png> <./figures//UCI_Dynamic_Validation.png> <./figures//UCI_Dynamic_Testing.png> <./figures//UCI_Static_Training.png> <./figures//UCI_Static_Validation.png> <./figures//UCI_Static_Testing.png> <./figures//OD_Dynamic_Training.png> <./figures//OD_Dynamic_Validation.png> <./figures//OD_Dynamic_Testing.png> <./figures//OD_Static_Training.png> <./figures//OD_Static_Validation.png> <./figures//OD_Static_Testing.png>]
<./figures//UCI_Dynamic_Confusion_Matrix.png, id=101, 433.62pt x 289.08pt>
File: ./figures//UCI_Dynamic_Confusion_Matrix.png Graphic file (type png)
<use ./figures//UCI_Dynamic_Confusion_Matrix.png>
Package pdftex.def Info: ./figures//UCI_Dynamic_Confusion_Matrix.png  used on input line 32.
(pdftex.def)             Requested size: 103.19843pt x 68.79836pt.
<./figures//UCI_Static_Confusion_Matrix.png, id=102, 433.62pt x 289.08pt>
File: ./figures//UCI_Static_Confusion_Matrix.png Graphic file (type png)
<use ./figures//UCI_Static_Confusion_Matrix.png>
Package pdftex.def Info: ./figures//UCI_Static_Confusion_Matrix.png  used on input line 33.
(pdftex.def)             Requested size: 103.19843pt x 68.79836pt.


LaTeX Warning: `h' float specifier changed to `ht'.

[6 <./figures//OD_Dynamic_Training_Balanced.png> <./figures//DCNN.png> <./figures//ODDCNN.png> <./figures//SCNN.png> <./figures//ODSCNN.png> <./figures//UCI_Dynamic_Confusion_Matrix.png> <./figures//UCI_Static_Confusion_Matrix.png>]

c:/Users\kinkt\OneDrive\VisualCodeProjects\Uni\Year 2\Sem 2\GAPT\DataProcessor\TeX Report\sections/Evaluation.tex:47: LaTeX Error: File `OD_Dynamic_Confusion_Matrix' not found.

See the LaTeX manual or LaTeX Companion for explanation.
Type  H <return>  for immediate help.
 ...                                              
                                                  
l.47 ....2\textwidth]{OD_Dynamic_Confusion_Matrix}
                                                  \hfill
I could not locate the file with any of these extensions:
.pdf,.png,.jpg,.mps,.jpeg,.jbig2,.jb2,.PDF,.PNG,.JPG,.JPEG,.JBIG2,.JB2,.eps
Try typing  <return>  to proceed.
If that doesn't work, type  X <return>  to quit.


c:/Users\kinkt\OneDrive\VisualCodeProjects\Uni\Year 2\Sem 2\GAPT\DataProcessor\TeX Report\sections/Evaluation.tex:48: LaTeX Error: File `OD_Static_Confusion_Matrix' not found.

See the LaTeX manual or LaTeX Companion for explanation.
Type  H <return>  for immediate help.
 ...                                              
                                                  
l.48 ...=.2\textwidth]{OD_Static_Confusion_Matrix}
                                                  \hfill
I could not locate the file with any of these extensions:
.pdf,.png,.jpg,.mps,.jpeg,.jbig2,.jb2,.PDF,.PNG,.JPG,.JPEG,.JBIG2,.JB2,.eps
Try typing  <return>  to proceed.
If that doesn't work, type  X <return>  to quit.

) (c:/Users\kinkt\OneDrive\VisualCodeProjects\Uni\Year 2\Sem 2\GAPT\DataProcessor\TeX Report\sections/Conclusion.tex) (c:/Users\kinkt\OneDrive\VisualCodeProjects\Uni\Year 2\Sem 2\GAPT\DataProcessor\TeX Report\sections/Distribution.tex)
No file Documentation.bbl.

** Conference Paper **
Before submitting the final camera ready copy, remember to:

 1. Manually equalize the lengths of two columns on the last page
 of your paper;

 2. Ensure that any PostScript and/or PDF output post-processing
 uses only Type 1 fonts and that every step in the generation
 process uses the appropriate paper size.

[7

] (c:/Users\kinkt\OneDrive\VisualCodeProjects\Uni\Year 2\Sem 2\GAPT\DataProcessor\TeX Report\Documentation.aux)

LaTeX Warning: There were undefined references.


LaTeX Warning: Label(s) may have changed. Rerun to get cross-references right.


Package rerunfilecheck Warning: File `Documentation.out' has changed.
(rerunfilecheck)                Rerun to get outlines right
(rerunfilecheck)                or use package `bookmark'.

Package rerunfilecheck Info: Checksums for `Documentation.out':
(rerunfilecheck)             Before: <no file>
(rerunfilecheck)             After:  3A14E17E0873D57018D90415E8F6878B;6657.
 ) 
Here is how much of TeX's memory you used:
 11851 strings out of 479334
 192801 string characters out of 2857084
 516265 words of memory out of 3000000
 29076 multiletter control sequences out of 15000+200000
 439332 words of font info for 93 fonts, out of 3000000 for 9000
 1141 hyphenation exceptions out of 8191
 71i,9n,74p,909b,357s stack positions out of 5000i,500n,10000p,200000b,50000s
{C:/Users/kinkt/AppData/Local/Programs/MiKTeX/fonts/enc/dvips/base/8r.enc}<C:/Users/kinkt/AppData/Local/Programs/MiKTeX/fonts/type1/public/amsfonts/cm/cmex10.pfb><C:/Users/kinkt/AppData/Local/Programs/MiKTeX/fonts/type1/public/amsfonts/cm/cmmi10.pfb><C:/Users/kinkt/AppData/Local/Programs/MiKTeX/fonts/type1/public/amsfonts/cm/cmmi5.pfb><C:/Users/kinkt/AppData/Local/Programs/MiKTeX/fonts/type1/public/amsfonts/cm/cmmi7.pfb><C:/Users/kinkt/AppData/Local/Programs/MiKTeX/fonts/type1/public/amsfonts/cm/cmr10.pfb><C:/Users/kinkt/AppData/Local/Programs/MiKTeX/fonts/type1/public/amsfonts/cm/cmr5.pfb><C:/Users/kinkt/AppData/Local/Programs/MiKTeX/fonts/type1/public/amsfonts/cm/cmr7.pfb><C:/Users/kinkt/AppData/Local/Programs/MiKTeX/fonts/type1/public/amsfonts/cm/cmr8.pfb><C:/Users/kinkt/AppData/Local/Programs/MiKTeX/fonts/type1/public/amsfonts/cm/cmsy10.pfb><C:/Users/kinkt/AppData/Local/Programs/MiKTeX/fonts/type1/public/amsfonts/cm/cmsy7.pfb><C:/Users/kinkt/AppData/Local/Programs/MiKTeX/fonts/type1/urw/times/utmb8a.pfb><C:/Users/kinkt/AppData/Local/Programs/MiKTeX/fonts/type1/urw/times/utmbi8a.pfb><C:/Users/kinkt/AppData/Local/Programs/MiKTeX/fonts/type1/urw/times/utmr8a.pfb><C:/Users/kinkt/AppData/Local/Programs/MiKTeX/fonts/type1/urw/times/utmri8a.pfb>
Output written on "c:/Users\kinkt\OneDrive\VisualCodeProjects\Uni\Year 2\Sem 2\GAPT\DataProcessor\TeX Report\Documentation.pdf" (7 pages, 515003 bytes).
PDF statistics:
 187 PDF objects out of 1000 (max. 8388607)
 60 named destinations out of 1000 (max. 500000)
 106 words of extra memory for PDF output out of 10000 (max. 10000000)

