\BOOKMARK [1][-]{section.1}{\376\377\000I\000n\000t\000r\000o\000d\000u\000c\000t\000i\000o\000n}{}% 1
\BOOKMARK [1][-]{section.2}{\376\377\000A\000i\000m\000s\000\040\000a\000n\000d\000\040\000O\000b\000j\000e\000c\000t\000i\000v\000e\000s}{}% 2
\BOOKMARK [1][-]{section.3}{\376\377\000B\000a\000c\000k\000g\000r\000o\000u\000n\000d\000\040\000R\000e\000s\000e\000a\000r\000c\000h}{}% 3
\BOOKMARK [2][-]{subsection.3.1}{\376\377\000S\000e\000n\000s\000i\000n\000g\000\040\000D\000e\000v\000i\000c\000e\000s}{section.3}% 4
\BOOKMARK [2][-]{subsection.3.2}{\376\377\000D\000a\000t\000a\000\040\000A\000c\000q\000u\000i\000s\000i\000t\000i\000o\000n}{section.3}% 5
\BOOKMARK [2][-]{subsection.3.3}{\376\377\000S\000i\000g\000n\000a\000l\000\040\000P\000r\000o\000c\000e\000s\000s\000i\000n\000g\000\040\000\046\000\040\000F\000e\000a\000t\000u\000r\000e\000\040\000E\000x\000t\000r\000a\000c\000t\000i\000o\000n}{section.3}% 6
\BOOKMARK [2][-]{subsection.3.4}{\376\377\000S\000u\000p\000p\000o\000r\000t\000\040\000V\000e\000c\000t\000o\000r\000\040\000M\000a\000c\000h\000i\000n\000e\000s}{section.3}% 7
\BOOKMARK [2][-]{subsection.3.5}{\376\377\000C\000o\000n\000v\000o\000l\000u\000t\000i\000o\000n\000a\000l\000\040\000N\000e\000u\000r\000a\000l\000\040\000N\000e\000t\000w\000o\000r\000k\000s}{section.3}% 8
\BOOKMARK [1][-]{section.4}{\376\377\000L\000i\000t\000e\000r\000a\000t\000u\000r\000e\000\040\000R\000e\000v\000i\000e\000w}{}% 9
\BOOKMARK [1][-]{section.5}{\376\377\000D\000e\000s\000i\000g\000n\000\040\000a\000n\000d\000\040\000M\000e\000t\000h\000o\000d\000o\000l\000o\000g\000y}{}% 10
\BOOKMARK [2][-]{subsection.5.1}{\376\377\000D\000a\000t\000a\000\040\000C\000o\000l\000l\000e\000c\000t\000i\000o\000n}{section.5}% 11
\BOOKMARK [2][-]{subsection.5.2}{\376\377\000S\000i\000g\000n\000a\000l\000\040\000P\000r\000o\000c\000e\000s\000s\000i\000n\000g}{section.5}% 12
\BOOKMARK [2][-]{subsection.5.3}{\376\377\000S\000y\000n\000c\000h\000r\000o\000n\000i\000s\000a\000t\000i\000o\000n}{section.5}% 13
\BOOKMARK [2][-]{subsection.5.4}{\376\377\000S\000l\000i\000d\000i\000n\000g\000\040\000W\000i\000n\000d\000o\000w}{section.5}% 14
\BOOKMARK [2][-]{subsection.5.5}{\376\377\000S\000i\000g\000n\000a\000l\000\040\000F\000i\000l\000t\000e\000r\000i\000n\000g}{section.5}% 15
\BOOKMARK [3][-]{subsubsection.5.5.1}{\376\377\000A\000\040\000l\000o\000w\000-\000p\000a\000s\000s\000\040\000B\000u\000t\000t\000e\000r\000w\000o\000r\000t\000h\000\040\000f\000i\000l\000t\000e\000r\000\040\000w\000i\000t\000h\000\040\000a\000\040\000c\000o\000r\000n\000e\000r\000\040\000f\000r\000e\000q\000u\000e\000n\000c\000y\000\040\000o\000f\000\040\0002\0000\000h\000z}{subsection.5.5}% 16
\BOOKMARK [3][-]{subsubsection.5.5.2}{\376\377\000A\000n\000o\000t\000h\000e\000r\000\040\000l\000o\000w\000\040\000p\000a\000s\000s\000\040\000B\000u\000t\000t\000e\000r\000w\000o\000r\000t\000h\000\040\000f\000i\000l\000t\000e\000r\000\040\000w\000a\000s\000\040\000a\000p\000p\000l\000i\000e\000d\000\040\000w\000i\000t\000h\000\040\000a\000\040\000c\000o\000r\000n\000e\000r\000\040\000f\000r\000e\000q\000u\000e\000n\000c\000y\000\040\000o\000f\000\040\0000\000.\0003\000h\000z}{subsection.5.5}% 17
\BOOKMARK [3][-]{subsubsection.5.5.3}{\376\377\000T\000h\000e\000\040\000J\000e\000r\000k\000\040\000w\000a\000s\000\040\000C\000a\000l\000c\000u\000l\000a\000t\000e\000d}{subsection.5.5}% 18
\BOOKMARK [3][-]{subsubsection.5.5.4}{\376\377\000T\000h\000e\000\040\000M\000a\000g\000n\000i\000t\000u\000d\000e}{subsection.5.5}% 19
\BOOKMARK [3][-]{subsubsection.5.5.5}{\376\377\000F\000a\000s\000t\000\040\000F\000o\000u\000r\000i\000e\000r\000\040\000T\000r\000a\000n\000s\000f\000o\000r\000m}{subsection.5.5}% 20
\BOOKMARK [2][-]{subsection.5.6}{\376\377\000F\000e\000a\000t\000u\000r\000e\000\040\000E\000x\000t\000r\000a\000c\000t\000i\000o\000n}{section.5}% 21
\BOOKMARK [2][-]{subsection.5.7}{\376\377\000S\000i\000g\000n\000a\000l\000\040\000P\000r\000o\000c\000e\000s\000s\000i\000n\000g}{section.5}% 22
\BOOKMARK [2][-]{subsection.5.8}{\376\377\000S\000u\000p\000p\000o\000r\000t\000\040\000V\000e\000c\000t\000o\000r\000\040\000C\000l\000a\000s\000s\000i\000f\000i\000e\000r}{section.5}% 23
\BOOKMARK [3][-]{subsubsection.5.8.1}{\376\377\000D\000a\000t\000a\000\040\000P\000r\000e\000-\000p\000r\000o\000c\000e\000s\000s\000i\000n\000g}{subsection.5.8}% 24
\BOOKMARK [3][-]{subsubsection.5.8.2}{\376\377\000C\000o\000m\000p\000a\000r\000i\000n\000g\000\040\000d\000i\000f\000f\000e\000r\000e\000n\000t\000\040\000c\000l\000a\000s\000s\000i\000f\000i\000c\000a\000t\000i\000o\000n\000\040\000m\000o\000d\000e\000l\000s}{subsection.5.8}% 25
\BOOKMARK [2][-]{subsection.5.9}{\376\377\000C\000l\000a\000s\000s\000i\000f\000i\000c\000a\000t\000i\000o\000n}{section.5}% 26
\BOOKMARK [2][-]{subsection.5.10}{\376\377\000C\000o\000n\000v\000o\000l\000u\000t\000i\000o\000n\000a\000l\000\040\000N\000e\000u\000r\000a\000l\000\040\000N\000e\000t\000w\000o\000r\000k\000s}{section.5}% 27
\BOOKMARK [3][-]{subsubsection.5.10.1}{\376\377\000D\000a\000t\000a\000\040\000S\000p\000l\000i\000t}{subsection.5.10}% 28
\BOOKMARK [3][-]{subsubsection.5.10.2}{\376\377\000D\000a\000t\000a\000s\000e\000t\000\040\000O\000b\000j\000e\000c\000t}{subsection.5.10}% 29
\BOOKMARK [3][-]{subsubsection.5.10.3}{\376\377\000M\000o\000d\000e\000l\000\040\000C\000r\000e\000a\000t\000i\000o\000n}{subsection.5.10}% 30
\BOOKMARK [1][-]{section.6}{\376\377\000E\000v\000a\000l\000u\000a\000t\000i\000o\000n}{}% 31
\BOOKMARK [2][-]{subsection.6.1}{\376\377\000E\000v\000a\000l\000u\000a\000t\000i\000o\000n\000\040\000M\000e\000t\000r\000i\000c\000s}{section.6}% 32
\BOOKMARK [2][-]{subsection.6.2}{\376\377\000E\000v\000a\000l\000u\000a\000t\000i\000n\000g\000\040\000S\000V\000M}{section.6}% 33
\BOOKMARK [2][-]{subsection.6.3}{\376\377\000E\000v\000a\000l\000u\000a\000t\000i\000n\000g\000\040\000T\000h\000e\000\040\000C\000N\000N\000s}{section.6}% 34
\BOOKMARK [3][-]{subsubsection.6.3.1}{\376\377\000U\000C\000I\000\040\000D\000y\000n\000a\000m\000i\000c\000\040\000\046\000\040\000S\000t\000a\000t\000i\000c}{subsection.6.3}% 35
\BOOKMARK [3][-]{subsubsection.6.3.2}{\376\377\000O\000u\000r\000\040\000D\000a\000t\000a\000s\000e\000t\000\040\000D\000y\000n\000a\000m\000i\000c\000\040\000\046\000\040\000S\000t\000a\000t\000i\000c}{subsection.6.3}% 36
\BOOKMARK [1][-]{section.7}{\376\377\000C\000o\000n\000c\000l\000u\000s\000i\000o\000n\000\040\000a\000n\000d\000\040\000F\000u\000t\000u\000r\000e\000\040\000W\000o\000r\000k}{}% 37
\BOOKMARK [1][-]{section.8}{\376\377\000D\000i\000s\000t\000r\000i\000b\000u\000t\000i\000o\000n\000\040\000o\000f\000\040\000W\000o\000r\000k}{}% 38
